<?xml version="1.0" encoding="UTF-8"?>
<!-- Generated by org.testng.reporters.JUnitXMLReporter -->
<testsuite ignored="0" hostname="LAPTOP-69EOE1K4" failures="1" tests="14" name="TutorialsNinja Test Cases" time="69.213" errors="0" timestamp="2023-10-15T12:52:47 EDT">
  <testcase classname="com.tutorialsninja.qa.testcases.RegisterAccountTest" name="verifyRegisteringAnAccountWithMandatoryFields" time="1.254"/>
  <testcase classname="com.tutorialsninja.qa.testcases.RegisterAccountTest" name="verifyRegisteringAccountByProvidingAllFields" time="1.217"/>
  <testcase classname="com.tutorialsninja.qa.testcases.RegisterAccountTest" name="verifyRegisteringAccountWithExistingEmailAddress" time="0.942"/>
  <testcase classname="com.tutorialsninja.qa.testcases.RegisterAccountTest" name="verifyRegisteringAccountWithoutFillingOutAnyInformation" time="0.572"/>
  <testcase classname="com.tutorialsninja.qa.testcases.LoginTest" name="verifyLoginWithValidCredentials" time="0.899"/>
  <testcase classname="com.tutorialsninja.qa.testcases.LoginTest" name="verifyLoginWithValidCredentials" time="0.891"/>
  <testcase classname="com.tutorialsninja.qa.testcases.LoginTest" name="verifyLoginWithValidCredentials" time="0.898"/>
  <testcase classname="com.tutorialsninja.qa.testcases.LoginTest" name="verifyLoginWithInvalidCredentials" time="0.615"/>
  <testcase classname="com.tutorialsninja.qa.testcases.LoginTest" name="verifyLoginWithInvalidEmailAndValidPassword" time="0.647"/>
  <testcase classname="com.tutorialsninja.qa.testcases.LoginTest" name="verifyLoginWithValidEmailAndInvalidPassword" time="0.677"/>
  <testcase classname="com.tutorialsninja.qa.testcases.LoginTest" name="verifyLoginWithoutProvidingCredentials" time="0.883"/>
  <testcase classname="com.tutorialsninja.qa.testcases.SearchTest" name="verifySearchWithValidProduct" time="0.719"/>
  <testcase classname="com.tutorialsninja.qa.testcases.SearchTest" name="verifySearchWithInvalidProduct" time="0.488">
    <failure type="java.lang.AssertionError" message="No product message in Search results is not displayed expected [abcd] but found [There is no product that matches the search criteria.]">
      <![CDATA[java.lang.AssertionError: No product message in Search results is not displayed expected [abcd] but found [There is no product that matches the search criteria.]
at com.tutorialsninja.qa.testcases.SearchTest.verifySearchWithInvalidProduct(SearchTest.java:61)
at java.base/java.util.ArrayList.forEach(ArrayList.java:1511)
... Removed 32 stack frames]]>
    </failure>
  </testcase> <!-- verifySearchWithInvalidProduct -->
  <testcase classname="com.tutorialsninja.qa.testcases.SearchTest" name="verifySearchWithoutAnyProduct" time="0.0">
    <skipped/>
  </testcase> <!-- verifySearchWithoutAnyProduct -->
</testsuite> <!-- TutorialsNinja Test Cases -->
